  BoxGameComponent.cpp
C:\Users\USER\OneDrive\Рабочий стол\Лаба по кг\ЛАБЫ КГ\Header\Game.h(19,10): fatal  error C1083: Cannot open include file: 'assimp/Importer.hpp': No such file or directory
  Camera.cpp
C:\Users\USER\OneDrive\Рабочий стол\Лаба по кг\ЛАБЫ КГ\Header\Game.h(19,10): fatal  error C1083: Cannot open include file: 'assimp/Importer.hpp': No such file or directory
  CharacterBall.cpp
C:\Users\USER\OneDrive\Рабочий стол\Лаба по кг\ЛАБЫ КГ\Header\Game.h(19,10): fatal  error C1083: Cannot open include file: 'assimp/Importer.hpp': No such file or directory
  Cube.cpp
C:\Users\USER\OneDrive\Рабочий стол\Лаба по кг\ЛАБЫ КГ\Header\Game.h(19,10): fatal  error C1083: Cannot open include file: 'assimp/Importer.hpp': No such file or directory
  Delegates.cpp
  DIsplayWin32.cpp
  Game.cpp
C:\Users\USER\OneDrive\Рабочий стол\Лаба по кг\ЛАБЫ КГ\Header\Game.h(19,10): fatal  error C1083: Cannot open include file: 'assimp/Importer.hpp': No such file or directory
  GameBall.cpp
C:\Users\USER\OneDrive\Рабочий стол\Лаба по кг\ЛАБЫ КГ\Header\Game.h(19,10): fatal  error C1083: Cannot open include file: 'assimp/Importer.hpp': No such file or directory
  GameComponent.cpp
C:\Users\USER\OneDrive\Рабочий стол\Лаба по кг\ЛАБЫ КГ\Header\Game.h(19,10): fatal  error C1083: Cannot open include file: 'assimp/Importer.hpp': No such file or directory
  GameStick.cpp
C:\Users\USER\OneDrive\Рабочий стол\Лаба по кг\ЛАБЫ КГ\Header\Game.h(19,10): fatal  error C1083: Cannot open include file: 'assimp/Importer.hpp': No such file or directory
  InputDevice.cpp
C:\Users\USER\OneDrive\Рабочий стол\Лаба по кг\ЛАБЫ КГ\Cpp\InputDevice.cpp(75,32): warning C4244: 'argument': conversion from 'LONG' to 'float', possible loss of data
C:\Users\USER\OneDrive\Рабочий стол\Лаба по кг\ЛАБЫ КГ\Cpp\InputDevice.cpp(75,27): warning C4244: 'argument': conversion from 'LONG' to 'float', possible loss of data
C:\Users\USER\OneDrive\Рабочий стол\Лаба по кг\ЛАБЫ КГ\Cpp\InputDevice.cpp(76,36): warning C4244: 'argument': conversion from 'int' to 'float', possible loss of data
C:\Users\USER\OneDrive\Рабочий стол\Лаба по кг\ЛАБЫ КГ\Cpp\InputDevice.cpp(76,28): warning C4244: 'argument': conversion from 'int' to 'float', possible loss of data
  main.cpp
C:\Users\USER\OneDrive\Рабочий стол\Лаба по кг\ЛАБЫ КГ\Header\Game.h(19,10): fatal  error C1083: Cannot open include file: 'assimp/Importer.hpp': No such file or directory
  Mesh.cpp
C:\Users\USER\OneDrive\Рабочий стол\Лаба по кг\ЛАБЫ КГ\Header\Game.h(19,10): fatal  error C1083: Cannot open include file: 'assimp/Importer.hpp': No such file or directory
  Model.cpp
C:\Users\USER\OneDrive\Рабочий стол\Лаба по кг\ЛАБЫ КГ\Header\Game.h(19,10): fatal  error C1083: Cannot open include file: 'assimp/Importer.hpp': No such file or directory
  Pong.cpp
C:\Users\USER\OneDrive\Рабочий стол\Лаба по кг\ЛАБЫ КГ\Header\Game.h(19,10): fatal  error C1083: Cannot open include file: 'assimp/Importer.hpp': No such file or directory
  Sphere.cpp
C:\Users\USER\OneDrive\Рабочий стол\Лаба по кг\ЛАБЫ КГ\Header\Game.h(19,10): fatal  error C1083: Cannot open include file: 'assimp/Importer.hpp': No such file or directory
  Generating Code...
