c:\users\user\onedrive\рабочий стол\лабы кг\cg 1 laba\x64\debug\vc143.pdb
c:\users\user\onedrive\рабочий стол\лабы кг\cg 1 laba\x64\debug\vc143.idb
c:\users\user\onedrive\рабочий стол\лабы кг\cg 1 laba\x64\debug\sphere.obj
c:\users\user\onedrive\рабочий стол\лабы кг\cg 1 laba\x64\debug\pong.obj
c:\users\user\onedrive\рабочий стол\лабы кг\cg 1 laba\x64\debug\model.obj
c:\users\user\onedrive\рабочий стол\лабы кг\cg 1 laba\x64\debug\mesh.obj
c:\users\user\onedrive\рабочий стол\лабы кг\cg 1 laba\x64\debug\main.obj
c:\users\user\onedrive\рабочий стол\лабы кг\cg 1 laba\x64\debug\inputdevice.obj
c:\users\user\onedrive\рабочий стол\лабы кг\cg 1 laba\x64\debug\gamestick.obj
c:\users\user\onedrive\рабочий стол\лабы кг\cg 1 laba\x64\debug\gamecomponent.obj
c:\users\user\onedrive\рабочий стол\лабы кг\cg 1 laba\x64\debug\gameball.obj
c:\users\user\onedrive\рабочий стол\лабы кг\cg 1 laba\x64\debug\game.obj
c:\users\user\onedrive\рабочий стол\лабы кг\cg 1 laba\x64\debug\displaywin32.obj
c:\users\user\onedrive\рабочий стол\лабы кг\cg 1 laba\x64\debug\delegates.obj
c:\users\user\onedrive\рабочий стол\лабы кг\cg 1 laba\x64\debug\cube.obj
c:\users\user\onedrive\рабочий стол\лабы кг\cg 1 laba\x64\debug\characterball.obj
c:\users\user\onedrive\рабочий стол\лабы кг\cg 1 laba\x64\debug\camera.obj
c:\users\user\onedrive\рабочий стол\лабы кг\cg 1 laba\x64\debug\boxgamecomponent.obj
c:\users\user\onedrive\рабочий стол\лабы кг\x64\debug\xapobaseredist.pdb
c:\users\user\onedrive\рабочий стол\лабы кг\x64\debug\xaudio2_9redist.pdb
c:\users\user\onedrive\рабочий стол\лабы кг\x64\debug\xaudio2_9redist.dll
c:\users\user\onedrive\рабочий стол\лабы кг\x64\debug\cg 1 laba.pdb
c:\users\user\onedrive\рабочий стол\лабы кг\cg 1 laba\x64\debug\cg 1 laba.tlog\cl.command.1.tlog
c:\users\user\onedrive\рабочий стол\лабы кг\cg 1 laba\x64\debug\cg 1 laba.tlog\cl.read.1.tlog
c:\users\user\onedrive\рабочий стол\лабы кг\cg 1 laba\x64\debug\cg 1 laba.tlog\cl.write.1.tlog
c:\users\user\onedrive\рабочий стол\лабы кг\cg 1 laba\x64\debug\cg 1 laba.tlog\copylocal.read.1u.tlog
c:\users\user\onedrive\рабочий стол\лабы кг\cg 1 laba\x64\debug\cg 1 laba.tlog\copylocal.write.1u.tlog
c:\users\user\onedrive\рабочий стол\лабы кг\cg 1 laba\x64\debug\cg 1 laba.tlog\link-cvtres.read.1.tlog
c:\users\user\onedrive\рабочий стол\лабы кг\cg 1 laba\x64\debug\cg 1 laba.tlog\link-cvtres.write.1.tlog
c:\users\user\onedrive\рабочий стол\лабы кг\cg 1 laba\x64\debug\cg 1 laba.tlog\link-rc.read.1.tlog
c:\users\user\onedrive\рабочий стол\лабы кг\cg 1 laba\x64\debug\cg 1 laba.tlog\link-rc.write.1.tlog
c:\users\user\onedrive\рабочий стол\лабы кг\cg 1 laba\x64\debug\cg 1 laba.tlog\link.command.1.tlog
c:\users\user\onedrive\рабочий стол\лабы кг\cg 1 laba\x64\debug\cg 1 laba.tlog\link.read.1.tlog
c:\users\user\onedrive\рабочий стол\лабы кг\cg 1 laba\x64\debug\cg 1 laba.tlog\link.read.2.tlog
c:\users\user\onedrive\рабочий стол\лабы кг\cg 1 laba\x64\debug\cg 1 laba.tlog\link.write.1.tlog
